线程池开启
UDP服务开启
计算机
:1
:1
:1
:1
:1
:1
:1
:1
:1
:1
:1
:1
:1
:1
:1
:1
:1
:1
:1
:1
:1
:1
:1
:1
:1
:1
:1
:1
:1
:1
:1
:1
:1
:1
:1
:1
:1
:1
:1
:1
:1
:1
:1
:1
:1
:1
:1
:1
:1
:1
:1
:1
:1
:1
:1
:1
:1
:1
:1
:1
:1
:1
:1
:1
:1
:1
:1
:1
:1
:1
:1
:1
:1
:1
:1
:1
:1
:1
:1
:1
:1
:1
:1
:1
:1
:1
:1
:1
:1
:1
:1
:1
:1
:1
:1
:1
:1
:1
:0
:1
:1
:1
:1
:1
:1
:1
:1
:1
:1
:1
:1
:1
:1
:1
:1
:1
:1
:0
:1
:1
:1
:1
:1
:1
:1
:1
:1
:1
:1
:1
:1
:1
:1
:1
:1
:1
:1
:1
:1
:1
:1
:1
:1
:1
:1
:1
:1
:1
:1
:1
:1
:1
:1
:1
:1
:1
:1
:0
:1
:1
:1
:1
:1
:1
:1
:1
:1
:1
:1
:1
:1
:1
:1
:1
:1
:1
:1
:1
:1
:1
:1
:1
:1
:1
:1
:0
:1
:1
:1
:1
:1
:1
:1
:1
:1
:1
:1
:1
:1
:1
:1
:1
:1
:1
:1
:1
:1
:1
:1
:1
:1
:1
:1
:1
:1
:1
:1
:1
:1
:1
:1
:1
:1
:1
:1
:1
:1
:1
:1
:1
:1
:1
:1
:1
:1
:1
:1
:1
:1
:1
:1
:1
:1
:1
:1
:1
:1
:1
:1
:1
:1
:1
:1
:1
:1
:1
:1
:1
:1
:1
:1
:1
:1
:1
:1
:1
:1
:1
:1
:1
:1
:1
:1
:1
:1
:1
:1
:1
:1
:1
:1
:1
:1
:1
:1
:1
:1
:1
:1
:1
:1
:1
:1
:1
:1
:1
:1
:1
:1
:1
:1
:1
:1
:1
:1
:1
:1
:1
:1
:1
:1
:1
:1
:1
:1
:1
:1
:1
:1
:1
:1
:1
:1
:1
:1
:1
:1
:1
:1
:1
:1
:1
:1
:1
:1
:1
:1
:1
:1
:1
:1
:1
:1
:1
:1
:1
:1
:1
:1
:1
:1
:1
:1
:1
:1
:1
:1
:1
:1
:1
:1
:1
:0
:1
:1
:1
:1
:1
:1
:1
:1
:1
:1
:1
:1
:1
:1
:1
:1
:1
:1
:1
:1
:1
:1
:1
:1
:1
:1
:1
:1
:1
:1
:1
:1
:1
:1
:1
:1
:1
:1
:1
:1
:1
:1
:1
:1
:1
:1
:1
:1
:1
:1
:1
:1
:1
:1
:1
:1
:1
:1
:1
:1
:1
:1
:1
:1
:1
:1
:1
:1
:1
:1
:1
:1
:1
:1
:1
:1
:1
:1
:1
:1
:1
:1
:1
:1
:1
:1
:1
:1
:1
:1
:1
:1
:1
:1
:1
:1
:1
:1
:1
:1
:1
:1
:1
:1
:1
:1
:1
:1
:1
:1
:1
:1
:1
:1
:1
:1
:1
:1
:1
:1
:1
:1
:1
:1
:1
:1
:1
:1
:1
:1
:1
:1
:1
:1
:1
:1
:1
:1
:1
:1
:1
:1
:1
:1
:1
:1
:1
:1
:1
:1
:1
:1
:1
:1
:1
:1
:1
:1
:1
:1
:1
:1
:1
:1
:1
:1
:1
:1
:1
:1
:1
:1
:1
:1
:1
:1
:1
:1
:1
:1
:1
:1
:1
:1
:1
:1
:1
:1
:1
:1
线程池开启
UDP服务开启
计算机
集思会:0
汲水机:0
己酸基:0
计算机:0
减速机:0
线程池开启
UDP服务开启
中国
证果:0
枝梗:0
支工:0
支沟:0
知过:0
肢骨:0
之国:0
之过:0
织工:0
职工:0
职官:0
直供:0
直挂:0
直观:0
直管:0
指供:0
指骨:0
止观:0
趾骨:0
只够:0
只顾:0
只管:0
旨归:0
纸工:0
纸管:0
至关:0
致公:0
制罐:0
制规:0
智光:0
治国:0
中共:0
中古:0
中谷:0
中固:0
中关:0
中观:0
中广:0
中国:0
忠骨:0
钟鼓:0
钟关:0
终古:0
终归:0
种瓜:0
种龟:0
种果:0
种过:0
重工:0
重构:0
重灌:0
重光:0
重归:0
重轨:0
众寡:0
舟骨:0
州官:0
珠光:0
猪公:0
猪狗:0
诸公:0
诸国:0
竹工:0
竹箍:0
竹管:0
竹棍:0
烛罐:0
烛光:0
主攻:0
主供:0
主公:0
主钩:0
主顾:0
主官:0
主观:0
主管:0
助工:0
助攻:0
贮罐:0
铸工:0
铸管:0
线程池开启
UDP服务开启
计算机
计算机:0
中国
中国:0
线程池开启
UDP服务开启
计算机
级计算机:1
计算:1
计算尺:1
计算机:0
计算机读:1
计算机房:1
计算机化:1
计算机集:1
计算机课:1
计算机所:1
计算机网:1
计算机系:1
计算机业:1
计算力:1
计算器:1
计算所:1
计算题:1
计算站:1
控计算机:1
算机:1
湘计算机:1
线程池开启
UDP服务开启
计算机
捕鱼机:1
财产:1
邓广铭:1
镀层:1
镀膜机:1
镀铁:1
镀锡铁:1
镀锌铁:1
反倾销:1
菲国:1
广铁:1
广旺:1
恒产:1
恒曲:1
恒生:1
胡毋生:1
黄碟:1
黄国:1
黄宏生:1
黄康生:1
黄丽满:1
黄历:1
黄龙:1
黄罗销:1
黄明生:1
黄培生:1
黄秋生:1
黄蓉耳:1
黄蓉愈:1
黄文龙:1
黄先生:1
黄香粉:1
黄兴代:1
黄兴国:1
黄秀虹:1
黄秀贞:1
黄亚生:1
黄毅诚:1
黄鱼:1
黄原扎:1
黄振龙:1
黄疸:1
黄疸病:1
黄疸型:1
级计算机:1
计耳:1
计生:1
计算:1
计算尺:1
计算机:0
计算机读:1
计算机房:1
计算机化:1
计算机集:1
计算机课:1
计算机所:1
计算机网:1
计算机系:1
计算机业:1
计算力:1
计算器:1
计算所:1
计算题:1
计算站:1
计销:1
计佑铭:1
加香机:1
节点机:1
金点胡:1
酒曲:1
酒香:1
酒糟:1
酒糟鼻:1
科层制:1
科广布:1
科扎:1
控计算机:1
裸机:1
马蹄铁:1
牌点:1
牌子曲:1
盘点机:1
陪您:1
破产:1
破碎机:1
倾耳:1
倾国:1
倾塌:1
倾销:1
绕线机:1
摄生:1
石广生:1
算机:1
唐安国:1
唐大历:1
唐代:1
唐国:1
唐韩愈:1
唐俊生:1
唐圣历:1
唐文龙:1
唐五代:1
唐寅:1
蹄铁:1
推广:1
推广部:1
推广会:1
推广性:1
推广员:1
推广站:1
推进机:1
推理机:1
推算:1
推算出:1
推土机:1
推销:1
推搡:1
香菌:1
湘计算机:1
移印机:1
移徙:1
优秀生:1
余香满:1
鱼产:1
鱼龙:1
鱼鳃:1
鱼生:1
喻广生:1
云层:1
云从龙:1
云龙:1
云绕龙:1
云香主:1
糟塌:1
张秀寅:1
掌恒山:1
掌渐生:1
掌军国:1
制版机:1
制表机:1
制冰机:1
制袋机:1
制氮机:1
制钉机:1
制冷机:1
制粒机:1
制砂机:1
制铁:1
制丸机:1
制氧机:1
制造机:1
制砖机:1
帚柄:1
自点曲:1
闫京生:1
闫秀珍:1
窦广国:1
线程池开启
中国
佇:1
侜:1
冃:1
孃:1
屝:1
岤:1
嶛:1
廁:1
徯:1
徯径:1
忷:1
慂:1
擔:1
斝:1
旡:1
曻:1
椥:1
楘:1
橔:1
溞:1
熜:1
燏:1
阿国:1
阿扎:1
挨批:1
哀恸:1
爱国:1
安产:1
安国:1
安龙:1
安生:1
暗销:1
奥国:1
八代:1
八国:1
巴国:1
巴生:1
巴扎:1
靶:1
靶标:1
靶场:1
靶档:1
靶点:1
靶机:0
靶台:1
靶托:1
靶位:1
靶向:1
靶心:1
靶子:1
把柄:1
白晋:1
白铁:1
百代:1
百曲:1
摆满:1
斑蝥:1
班代:1
班机:1
班招生:1
扳机:1
板胡:1
板机:1
伴生:1
半曲:1
半生:1
邦国:1
帮助:1
绑扎:1
苞:1
包产:1
包机:1
包销:1
包扎:1
剥弃:1
薄产:1
薄曲:1
保产:1
保国:1
饱历:1
饱满:1
宝历:1
报国:1
报批:1
报销:1
暴弃:1
爆机:1
爆满:1
碑铭:1
悲恸:1
卑贱:1
北国:1
北龙:1
北曲:1
背弃:1
贝扎:1
倍生:1
本国:1
本机:1
本生:1
崩龙:1
崩塌:1
比国:1
鄙贱:1
鄙弃:1
毕生:1
毙:1
毙掉:1
毙命:1
毙伤:1
敝国:1
臂助:1
编曲:1
扁铁:1
变产:1
卞有生:1
遍历:1
别国:1
宾铁:1
摈弃:1
柄:1
丙国:1
丙寅:1
病菌:1
病历:1
病塌:1
病愈:1
并行机:1
波国:1
补铁:1
补助:1
不满:1
不弃:1
不佞:1
布机:1
布满:1
步行机:1
裁切机:1
财产:1
采铁:1
菜碟:1
残:1
残败:1
残暴:1
残本:1
残兵:1
残部:1
残茬:1
残差:1
残喘:1
残春:1
残次:1
残存:1
残党:1
残灯:1
残敌:1
残冬:1
残毒:1
残匪:1
残废:1
残稿:1
残根:1
残更:1
残羹:1
残骸:1
残害:1
残骇:1
残红:1
残花:1
残货:1
残基:1
残迹:1
残疾:1
残剑:1
残饯:1
残酒:1
残局:1
残卷:1
残酷:1
残垒:1
残联:1
残留:1
残梦:1
残年:1
残念:1
残虐:1
残篇:1
残片:1
残品:1
残破:1
残丘:1
残躯:1
残缺:1
残忍:1
残弱:1
残杀:1
残生:0
残剩:1
残暑:1
残髓:1
残损:1
残炭:1
残瓦:1
残席:1
残效:1
残屑:1
残雪:1
残阳:1
残页:1
残夜:1
残油:1
残余:1
残月:1
残贼:1
残渣:1
残障:1
残照:1
残枝:1
残肢:1
残值:1
残株:1
残晖:1
残肴:1
惨历:1
苍耳:1
苍龙:1
苍生:1
藏历:1
草菌:1
侧耳:1
插切销:1
插曲:1
插销:1
茶碟:1
差生:1
拆机:1
柴胡:1
谗佞:1
产:1
产生:1
产销:1
硃批:1
常生:1
长柄:1
长机:1
长龙:1
长满:1
长生:1
长销:1
畅旺:1
畅销:1
唱碟:1
唱机:1
唱曲:1
超产:1
超生:1
朝代:1
车机:1
撤销:1
辰龙:1
晨曲:1
趁机:1
撑满:1
城铁:1
成龙:1
成批:1
成铁:1
乘机:1
乘龙:1
承:1
承安:1
承办:1
承包:1
承保:1
承尘:1
承传:1
承贷:1
承担:1
承当:1
承德:1
承佃:1
承兑:1
承乏:1
承扶:1
承付:1
承负:1
承购:1
承欢:1
承继:1
承建:1
承浆:1
承教:1
承接:1
承筋:1
承揽:1
承领:1
承满:0
承蒙:1
承诺:1
承平:1
承泣:1
承情:1
承让:1
承认:1
承山:1
承受:1
承台:1
承托:1
承望:1
承袭:1
承想:1
承销:0
承销人:1
承销商:1
承销团:1
承修:1
承续:1
承压:1
承印:1
承应:1
承运:1
承载:1
承造:1
承制:1
承重:1
承转:1
承租:1
承做:1
迟尚国:1
充满:1
冲塌:1
冲销:1
宠妃:1
抽机:1
初生:1
初中生:1
出产:1
出国:1
出生:1
锄:1
除铁:1
楚国:1
穿耳:1
传代:1
传国:1
传销:1
窗机:1
窗销:1
创生:1
春生:1
纯铁:1
磁碟:1
磁铁:1
瓷碟:1
词曲:1
此曲:1
此生:1
刺耳:1
刺扎:1
次生:1
葱:1
葱白:1
葱爆:1
葱葱:1
葱翠:1
葱花:1
葱姜:1
葱莲:1
葱岭:1
葱绿:1
葱茂:1
葱属:1
葱丝:1
葱蒜:1
葱头:1
葱油:1
葱郁:1
葱茏:1
丛生:1
簇生:1
促产:1
促销:1
篡国:1
催产:1
催生:1
脆生:1
寸铁:1
搭机:1
达产:1
达生:1
打苞:1
打铁:1
大碟:1
大国:1
大历:1
大龙:1
大批:1
大曲:1
大生:1
傣历:1
带菌:1
代:1
代代:1
代销:1
待产:1
待机:1
待批:1
单产:1
单碟:1
单机:1
单曲:1
单生:1
单铁:1
胆机:1
诞生:1
当代:1
当国:1
党国:1
荡漾:1
刀柄:1
倒满:1
倒塌:1
岛国:1
德国:1
得愈:1
登机:1
登龙:1
低产:1
低贱:1
敌:1
敌兵:1
敌巢:1
敌船:1
敌党:1
敌队:1
敌对:1
敌方:1
敌国:0
敌害:1
敌后:1
敌火:1
敌机:0
敌舰:1
敌军:1
敌寇:1
敌楼:1
敌情:1
敌酋:1
敌区:1
敌群:1
敌人:1
敌师:1
敌视:1
敌手:1
敌台:1
敌探:1
敌特:1
敌体:1
敌伪:1
敌我:1
敌穴:1
敌焰:1
敌意:1
敌营:1
敌友:1
敌阵:1
敌忾:1
抵销:1
地产:1
地机:1
地龙:1
地铁:1
第代:1
帝国:1
碘酊:1
电机:1
雕龙:1
吊耳:1
吊销:1
调销:1
碟:1
碟机:1
碟中碟:1
迭代:1
丁产:1
鼎铭:1
鼎助:1
定产:1
定销:1
订满:1
丢弃:1
东胡:1
东晋:1
东龙:1
动产:1
动机:1
兜销:1
斗柄:1
毒菌:1
毒龙:1
独龙:1
独生:1
镀铁:1
度曲:1
端机:1
短柄:1
短耳:1
锻铁:1
断代:1
断机:1
缎:1
缎被:1
缎带:1
缎面:1
缎木:1
缎条:1
缎纹:1
缎子:1
堆满:1
对生:1
顿生:1
多产:1
多代:1
多国:1
多批:1
多曲:1
舵柄:1
舵机:1
俄国:1
恶龙:1
耳:1
耳机:1
耳生:1
二代:1
二胡:1
二龙:1
二批:1
二曲:1
发生:1
发怔:1
法国:1
藩国:1
番代:1
番国:1
钒铁:1
反生:1
返产:1
返国:1
返销:1
犯贱:1
方国:1
方生:1
方有生:1
房产:1
仿生:1
纺机:1
放满:1
放弃:1
放生:1
菲国:1
飞碟:1
飞机:1
飞龙:1
肥满:1
废弃:1
废铁:1
沸:1
沸点:1
沸沸:1
沸泉:1
沸热:1
沸石:1
沸水:1
沸汤:1
沸腾:1
沸煮:1
分国:1
分机:1
分批:1
分切机:1
分生:1
分销:1
丰产:1
丰满:1
封切机:1
封销:1
风机:1
佛国:1
扶助:1
氟:1
服满:1
浮生:1
福机:1
福晋:1
福龙:1
辅机:1
辅助:1
俯曲:1
斧柄:1
腐生:1
复国:1
复机:1
复生:1
付产:1
父代:1
富产:1
富国:1
富铁:1
附耳:1
附生:1
妇产:1
该国:1
该机:1
改产:1
改销:1
盖满:1
甘国:1
杆菌:1
感:1
感触:1
感戴:1
感到:1
感电:1
感动:1
感恩:1
感发:1
感奋:1
感愤:1
感官:1
感观:1
感光:1
感荷:1
感化:1
感怀:1
感激:1
感觉:1
感慨:1
感抗:1
感愧:1
感冒:1
感念:1
感佩:1
感器:1
感泣:1
感情:1
感染:1
感热:1
感人:1
感伤:1
感生:0
感受:1
感思:1
感叹:1
感慰:1
感温:1
感悟:1
感想:1
感谢:1
感谢您:1
感兴:1
感性:1
感言:1
感应:1
感于:1
感遇:1
感召:1
感知:1
感知机:1
感喟:1
刚满:1
钢铁:1
港产:1
港龙:1
高产:1
高胡:1
高铁:1
高中生:1
歌曲:1
割机:1
割弃:1
格曲:1
隔代:1
铬铁:1
各国:1
各机:1
根机:1
根竖:1
跟:1
更生:1
庚寅:1
供销:1
公产:1
公国:1
公历:1
公生:1
公铁:1
贡生:1
共产:1
共生:1
勾销:1
购碟:1
购机:1
购销:1
估产:1
鼓满:1
鼓曲:1
古代:1
古国:1
古晋:1
古历:1
古龙:1
古曲:1
古生:1
谷贱:1
故国:1
瓜代:1
剐:1
寡助:1
挂锄:1
挂机:1
挂历:1
挂满:1
关机:1
关满:1
管窥:1
灌满:1
贯耳:1
光碟:1
光机:1
广铁:1
广旺:1
硅铁:1
归国:1
癸寅:1
柜机:1
贵国:1
贵贱:1
贵妃:1
国:1
国柄:1
国产:1
国代:1
国历:1
国铁:1
国中生:1
果柄:1
果碟:1
裹扎:1
过产:1
过旺:1
哈扎:1
海产:1
海国:1
海龙:1
海曲:1
海鳃:1
海生:1
海鳅:1
韩国:1
韩愈:1
含苞:1
含氟:1
含胡:1
含铁:1
寒贱:1
寒铁:1
寒喧:1
焊机:1
汉代:1
汉晋:1
航机:1
好碟:1
好生:1
好旺:1
荷锄:1
核菌:1
核批:1
核销:1
和龙:1
何国:1
合龙:1
盒:1
盒带:1
盒饭:1
盒盖:1
盒里:1
盒内:1
盒式:1
盒装:1
盒子:1
河曲:1
贺龙:1
黑铁:1
横批:1
横生:1
横竖:1
恒产:1
恒曲:1
恒生:1
宏国:1
弘历:1
红龙:1
红曲:1
红生:1
侯国:1
厚生:1
候机:1
候销:1
后代:1
后晋:1
后生:1
后妃:1
呼机:1
壶菌:1
胡:1
糊盒机:1
弧菌:1
虎耳:1
护产:1
护耳:1
护国:1
互生:1
互助:1
花苞:1
花柄:1
花国:1
花生:1
花铁:1
花销:1
花鳅:1
华国:1
华龙:1
滑塌:1
画龙:1
化机:1
化生:1
化铁:1
话柄:1
话机:1
怀铁:1
环生:1
换代:1
换碟:1
换机:1
换满:1
换批:1
荒弃:1
黄碟:1
黄国:1
黄历:1
黄龙:1
皇国:1
皇历:1
皇妃:1
恍:1
恍忽:1
恍然:1
恍如:1
恍若:1
恍悟:1
恍惚:1
灰铁:1
回国:1
回历:1
回龙:1
回生:1
回销:1
毁弃:1
会生:1
浑铁:1
活产:1
活生:1
火机:1
火龙:1
火旺:1
货代:1
货机:1
祸国:1
基铁:1
机:1
积满:1
吉国:1
挤满:1
挤切销:1
几代:1
几国:1
几历:1
几批:1
几曲:1
己寅:1
季历:1
祭满:1
济助:1
寄满:1
寄生:1
寄销:1
计耳:1
计生:1
计销:1
纪国:1
纪历:1
夹:1
夹袄:1
夹板:1
夹被:1
夹布:1
夹菜:1
夹藏:1
夹层:1
夹持:1
夹带:1
夹到:1
夹道:1
夹点:1
夹断:1
夹法:1
夹缝:1
夹肝:1
夹个:1
夹攻:1
夹功:1
夹够:1
夹棍:1
夹河:1
夹击:1
夹脊:1
夹剪:1
夹江:1
夹角:1
夹紧:1
夹景:1
夹具:1
夹克:1
夹盘:1
夹袍:1
夹批:0
夹起:1
夹钳:1
夹墙:1
夹人:1
夹入:1
夹杀:1
夹衫:1
夹生:0
夹生饭:1
夹手:1
夹丝:1
夹送:1
夹头:1
夹完:1
夹下:1
夹馅:1
夹巷:1
夹心:1
夹衣:1
夹杂:1
夹针:1
夹住:1
夹注:1
夹子:1
夹走:1
佳旺:1
家产:1
加产:1
加国:1
加满:1
加生:1
加扎:1
甲寅:1
架满:1
驾机:1
监国:1
监生:1
监销:1
尖扎:1
奸佞:1
柬国:1
简历:1
剪切机:1
减产:1
贱:1
见弃:1
健旺:1
剑柄:1
剑龙:1
渐生:1
渐愈:1
建国:1
将有助:1
江龙:1
奖助:1
降生:1
焦耳:1
交代:1
脚跟:1
角铁:1
缴销:1
叫:1
叫安:1
叫板:1
叫出:1
叫床:1
叫动:1
叫法:1
叫吠:1
叫惯:1
叫喊:1
叫好:1
叫化:1
叫唤:1
叫魂:1
叫鸡:1
叫价:1
叫劲:1
叫绝:1
叫渴:1
叫苦:1
叫来:1
叫驴:1
叫骂:1
叫卖:1
叫门:1
叫名:1
叫牌:1
叫屈:1
叫嚷:1
叫声:1
叫唆:1
叫停:1
叫响:1
叫嚣:1
叫啸:1
叫醒:1
叫冤:1
叫阵:1
叫住:1
叫做:1
叫作:1
叫座:1
揭批:1
接机:1
接龙:1
接满:1
接生:1
街机:1
劫机:1
结满:1
结扎:1
界龙:1
借代:1
借机:1
借满:1
借助:1
介生:1
届满:1
金柄:1
金代:1
金国:1
金曲:1
金生:1
金铁:1
今晋:1
今生:1
紧跟:1
锦生:1
进销:1
进行曲:1
晋:1
晋代:1
晋国:1
近代:1
荆龙:1
京胡:1
经国:1
经历:1
经曲:1
经销:1
靖国:1
竞销:1
净销:1
九代:1
九龙:1
九曲:1
酒曲:1
救国:1
救生:1
救助:1
旧国:1
旧历:1
旧生:1
拘:1
拘板:1
拘捕:1
拘出:1
拘传:1
拘管:1
拘谨:1
拘禁:1
拘礼:1
拘留:1
拘挛:1
拘拿:1
拘泥:1
拘票:1
拘牵:1
拘人:1
拘审:1
拘束:1
拘提:1
拘系:1
拘限:1
拘押:1
拘役:1
拘于:1
拘执:1
拘囿:1
举国:1
聚龙:1
巨龙:1
锯机:1
句柄:1
剧曲:1
捐弃:1
捐助:1
卷曲:1
绝代:1
菌:1
菌柄:1
军国:1
军机:1
郡国:1
卡机:1
开苞:1
开锄:1
开国:1
开机:1
开满:1
开销:1
坎代:1
看碟:1
康国:1
康生:1
抗菌:1
抗生:1
考生:1
考招生:1
拷机:1
科扎:1
刻碟:1
客机:1
客满:1
啃:1
啃出:1
啃到:1
啃得:1
啃掉:1
啃过:1
啃进:1
啃啮:1
啃起:1
啃青:1
啃去:1
啃上:1
啃食:1
啃蚀:1
啃噬:1
啃书:1
啃下:1
啃着:1
恐龙:1
口耳:1
扣满:1
酷龙:1
夸胡:1
垮塌:1
跨国:1
块菌:1
宽扎:1
款曲:1
匡助:1
狂满:1
狂生:1
矿产:1
旷代:1
亏产:1
窥:1
昆曲:1
捆扎:1
扩产:1
拉扎:1
来历:1
来生:1
蓝菌:1
郎机:1
朗生:1
老生:1
佬:1
烙铁:1
乐曲:1
雷龙:1
累代:1
冷机:1
犁柄:1
犁锄:1
黎国:1
离您:1
离弃:1
理曲:1
李铁:1
历:1
历代:1
历晋:1
历历:1
利国:1
利生:1
立国:1
立生:1
粒铁:1
联产:1
联机:1
联销:1
连生:1
连销:1
恋曲:1
炼铁:1
凉碟:1
梁国:1
良机:1
良贱:1
两代:1
两耳:1
两国:1
两晋:1
两批:1
两曲:1
量产:1
聊生:1
僚机:1
辽代:1
列:1
列奥:1
列巴:1
列报:1
列编:1
列表:1
列表机:1
列兵:1
列车:1
列城:1
列成:1
列出:1
列传:1
列当:1
列岛:1
列到:1
列调:1
列队:1
列管:1
列国:0
列国志:1
列计:1
列记:1
列居:1
列举:1
列克:1
列块:1
列拉:1
列明:1
列名:1
列姆:1
列宁:1
列女:1
列强:1
列缺:1
列日:1
列入:1
列上:1
列式:1
列示:1
列斯:1
列特:1
列为:1
列位:1
列席:1
列项:1
列星:1
列伊:1
列印:1
列印机:1
列有:1
列于:1
列增:1
列账:1
列阵:1
列支:1
列子:1
列宗:1
列祖:1
列作:1
林产:1
霖生:1
临产:1
临机:1
邻国:1
淋菌:1
凌历:1
灵机:1
领国:1
硫铁:1
流产:1
流满:1
流行曲:1
六代:1
六国:1
六批:1
六曲:1
龙:1
卢龙:1
鲁国:1
碌曲:1
陆机:1
陆生:1
履历:1
滤机:1
挛生:1
孪生:1
滦:1
滦河:1
滦南:1
滦平:1
滦水:1
滦县:1
滦州:1
滦洲:1
卵生:1
乱国:1
乱生:1
轮机:1
裸机:1
洛扎:1
麻生:1
玛曲:1
马国:1
马龙:1
马扎:1
买碟:1
卖国:1
蛮国:1
满:1
满满:1
满铁:1
蔓生:1
慢曲:1
盲生:1
锚机:1
毛菌:1
矛柄:1
铆机:1
帽耳:1
霉菌:1
煤铁:1
没满:1
没生:1
没销:1
眉批:1
每批:1
美国:1
美满:1
门柄:1
门机:1
门尚铭:1
门生:1
萌生:1
盟国:1
盟机:1
锰铁:1
猛龙:1
眯:1
眯缝:1
眯起:1
眯上:1
眯眼:1
眯住:1
眯着:1
面生:1
蔑弃:1
灭国:1
灭菌:1
民国:1
民机:1
民生:1
明代:1
明晰:1
铭:1
名产:1
名碟:1
名曲:1
模切机:1
磨机:1
摩机:1
末代:1
墨国:1
陌生:1
谋国:1
谋生:1
某国:1
亩产:1
母国:1
母机:1
暮生:1
木柄:1
木耳:1
木机:1
哪国:1
那国:1
那曲:1
南国:1
南胡:1
南龙:1
南曲:1
男:1
男伴:1
男宾:1
男厕:1
男单:1
男滴:1
男丁:1
男队:1
男儿:1
男方:1
男风:1
男根:1
男工:1
男孩:1
男妓:1
男家:1
男爵:1
男科:1
男客:1
男蓝:1
男篮:1
男模:1
男女:1
男女生:1
男排:1
男乒:1
男仆:1
男权:1
男人:1
男色:1
男杉:1
男声:1
男生:0
男生追:1
男尸:1
男式:1
男士:1
男仕:1
男双:1
男童:1
男团:1
男娃:1
男巫:1
男校:1
男星:1
男性:1
男靴:1
男医生:1
男衣:1
男婴:1
男佣:1
男用:1
男友:1
男装:1
男仔:1
男子:1
男足:1
男娼:1
难产:1
难愈:1
囊膪:1
挠曲:1
闹喧:1
内耳:1
内生:1
内销:1
内助:1
泥鳅:1
尼国:1
尼龙:1
尼扎:1
逆产:1
逆耳:1
年产:1
年代:1
年历:1
年满:1
鸟龙:1
聂耳:1
镍铁:1
您:1
宁国:1
宁晋:1
牛耳:1
扭曲:1
纽国:1
农产:1
农机:1
农历:1
女曲:1
女生:1
爬满:1
怕生:1
拍柄:1
排满:1
派生:1
派销:1
盘碟:1
盘菌:1
盘龙:1
盘曲:1
判:1
判案:1
判变:1
判别:1
判成:1
判处:1
判词:1
判定:1
判读:1
判断:1
判罚:1
判匪:1
判分:1
判官:1
判据:1
判卷:1
判决:1
判军:1
判离:1
判例:1
判令:1
判乱:1
判明:1
判起:1
判若:1
判徒:1
判为:1
判下:1
判刑:1
判罪:1
叛国:1
旁生:1
抛弃:1
陪您:1
配机:1
配曲:1
配销:1
硼铁:1
批:1
批销:1
疲塌:1
痞满:1
偏历:1
撇弃:1
频生:1
贫国:1
贫贱:1
平产:1
平生:1
屏弃:1
破产:1
扑满:1
铺满:1
葡国:1
菩:1
菩萨:1
菩提:1
谱曲:1
期满:1
期生:1
欺生:1
七代:1
七国:1
凄历:1
齐国:1
企机:1
契机:1
气机:1
弃:1
汽机:1
铅铁:1
千代:1
签批:1
前代:1
前机:1
前生:1
潜龙:1
浅碟:1
欠产:1
枪柄:1
枪机:1
羌胡:1
墙跟:1
墙有耳:1
强国:1
强生:1
乔国:1
侨生:1
翘曲:1
俏销:1
切:1
切边:1
切变:1
切不:1
切菜:1
切菜机:1
切成:1
切齿:1
切出:1
切除:1
切磋:1
切错:1
切当:1
切刀:1
切导:1
切到:1
切道:1
切点:1
切掉:1
切断:1
切断机:1
切尔:1
切分:1
切肤:1
切腹:1
切糕:1
切割:1
切割机:1
切过:1
切合:1
切厚:1
切花:1
切换:1
切汇:1
切机:0
切记:1
切忌:1
切角:1
切结:1
切进:1
切近:1
切开:1
切克:1
切口:1
切块:1
切拉:1
切利:1
切粒机:1
切脉:1
切面:1
切莫:1
切尼:1
切盼:1
切片:1
切片机:1
切齐:1
切起:1
切切:1
切去:1
切肉:1
切入:1
切上:1
切身:1
切时:1
切实:1
切事:1
切斯:1
切丝:1
切送:1
切碎:1
切特:1
切题:1
切望:1
切沃:1
切勿:1
切细:1
切下:1
切线:1
切削:1
切削机:1
切屑:1
切牙:1
切要:1
切叶机:1
切宜:1
切音:1
切圆:1
切缘:1
切诊:1
切直:1
切纸:1
切纸机:1
切中:1
切锥:1
怯生:1
窃国:1
亲代:1
亲耳:1
亲历:1
亲生:1
秦代:1
秦国:1
秦晋:1
琴曲:1
青菌:1
青龙:1
轻贱:1
轻生:1
轻铁:1
倾耳:1
倾国:1
倾塌:1
倾销:1
清产:1
清代:1
清晰:1
请代:1
庆历:1
庆生:1
穷国:1
球菌:1
求生:1
求助:1
区产:1
曲:1
曲柄:1
曲菌:1
曲曲:1
屈曲:1
取代:1
权柄:1
全氟:1
全国:1
全机:1
全晋:1
全曲:1
全愈:1
痊愈:1
拳曲:1
群龙:1
群生:1
燃机:1
热机:1
热销:1
壬寅:1
人代:1
人机:1
人龙:1
人生:1
任满:1
认生:1
刃:1
刃儿:1
刃锋:1
刃脊:1
刃角:1
刃具:1
刃口:1
刃磨:1
刃片:1
扔弃:1
日产:1
日历:1
日龙:1
日销:1
戎机:1
肉机:1
儒生:1
辱国:1
入产:1
入耳:1
软碟:1
软铁:1
弱国:1
撒满:1
洒满:1
鳃:1
塞满:1
赛龙:1
三产:1
三代:1
三国:1
三晋:1
三龙:1
三批:1
三曲:1
三生:1
三铁:1
伞柄:1
伞菌:1
散曲:1
丧生:1
色满:1
砂铁:1
杀机:1
杀菌:1
杀生:1
沙龙:1
山产:1
山国:1
伤生:1
伤愈:1
商代:1
商机:1
商曲:1
商销:1
上代:1
上国:1
上机:1
上批:1
尚:1
尚不:1
尚存:1
尚待:1
尚非:1
尚父:1
尚感:1
尚好:1
尚佳:1
尚可:1
尚难:1
尚能:1
尚气:1
尚且:1
尚缺:1
尚然:1
尚容:1
尚善:1
尚输:1
尚书:1
尚属:1
尚未:1
尚无:1
尚武:1
尚校:1
尚需:1
尚须:1
尚要:1
尚衣:1
尚以:1
尚义:1
尚应:1
尚有:1
尚幼:1
尚远:1
尚志:1
尚足:1
尚飨:1
烧弃:1
烧塌:1
少产:1
少销:1
赊销:1
舍弃:1
舍生:1
摄生:1
申批:1
申曲:1
申生:1
申扎:1
伸曲:1
身历:1
神机:1
神龙:1
神曲:1
神助:1
审批:1
生:1
生产:1
生机:1
生男生:1
生生:1
生铁:1
升机:1
升龙:1
省产:1
盛产:1
盛销:1
盛有生:1
圣代:1
师生:1
十代:1
十国:1
十曲:1
石机:1
石晋:1
石龙:1
石生:1
石铁:1
石斛:1
时代:1
时机:1
什邡:1
食菌:1
实销:1
世代:1
事机:1
适销:1
市:1
市办:1
市报:1
市北:1
市布:1
市场:1
市长:1
市尺:1
市川:1
市村:1
市寸:1
市道:1
市地:1
市电:1
市分:1
市府:1
市花:1
市话:1
市徽:1
市集:1
市级:1
市际:1
市贾:1
市价:1
市郊:1
市斤:1
市井:1
市局:1
市口:1
市侩:1
市况:1
市厘:1
市里:1
市立:1
市貌:1
市面:1
市民:1
市名:1
市亩:1
市南:1
市内:1
市情:1
市区:1
市容:1
市上:1
市声:1
市升:1
市石:1
市属:1
市树:1
市数:1
市肆:1
市俗:1
市外:1
市委:1
市县:1
市行:1
市易:1
市营:1
市运:1
市招:1
市镇:1
市政:1
市直:1
市值:1
市制:1
市卒:1
市廛:1
试产:1
试机:1
试销:1
收生:1
手柄:1
手机:1
手生:1
首代:1
首批:1
首曲:1
守生:1
受助:1
枢机:1
书机:1
书生:1
熟铁:1
蜀国:1
属国:1
竖:1
庶生:1
数代:1
数国:1
数批:1
双碟:1
双耳:1
双氟:1
双机:1
双龙:1
双曲:1
双生:1
水产:1
水机:1
水龙:1
水生:1
睡满:1
顺产:1
顺耳:1
私产:1
私生:1
私销:1
司机:1
死产:1
死机:1
死生:1
四代:1
四国:1
四胡:1
四满:1
四批:1
四曲:1
伺机:1
饲机:1
松菌:1
送机:1
宋代:1
诵:1
诵出:1
诵读:1
诵经:1
诵念:1
诵诗:1
诵咏:1
苏晋:1
苏铁:1
俗曲:1
速生:1
塑机:1
宿铁:1
算机:1
隋代:1
随国:1
随机:1
锁国:1
所生:1
塌:1
他国:1
胎生:1
台机:1
台历:1
泰国:1
太铁:1
太妃:1
坍塌:1
摊销:1
贪生:1
谈柄:1
谈助:1
唐代:1
唐国:1
唐寅:1
绦:1
绦虫:1
绦子:1
逃生:1
讨代:1
套曲:1
特产:1
特批:1
特曲:1
腾龙:1
蹄铁:1
体生:1
替代:1
天碟:1
天国:1
天机:1
天龙:1
天生:1
添满:1
填满:1
田产:1
跳机:1
铁:1
听碟:1
停产:1
停机:1
通产:1
通国:1
同产:1
同国:1
同机:1
同生:1
童生:1
统销:1
统招生:1
偷窥:1
偷生:1
偷铁:1
投产:1
投机:1
投弃:1
投生:1
头生:1
透晰:1
徒生:1
涂机:1
涂销:1
屠龙:1
土产:1
土生:1
吐弃:1
推销:1
推搡:1
颓塌:1
退机:1
屯扎:1
托:1
托板:1
托办:1
托比:1
托庇:1
托病:1
托钵:1
托长:1
托车:1
托称:1
托辞:1
托词:1
托带:1
托德:1
托底:1
托蒂:1
托儿:1
托尔:1
托福:1
托付:1
托孤:1
托故:1
托管:1
托管国:1
托辊:1
托话:1
托架:1
托交:1
托咎:1
托卡:1
托克:1
托拉:1
托里:1
托利:1
托轮:1
托罗:1
托马:1
托买:1
托卖:1
托梦:1
托米:1
托名:1
托姆:1
托偶:1
托派:1
托盘:1
托普:1
托期:1
托起:1
托人:1
托身:1
托生:0
托事:1
托收:1
托熟:1
托斯:1
托塔:1
托特:1
托托:1
托鞋:1
托叶:1
托幼:1
托运:1
托住:1
托子:1
脱产:1
脱机:1
脱销:1
唾弃:1
袜跟:1
歪曲:1
外代:1
外耳:1
外国:1
外生:1
外销:1
弯曲:1
玩机:1
完满:1
碗碟:1
晚生:1
万代:1
万国:1
万历:1
王国:1
王妃:1
亡国:1
网机:1
旺:1
旺代:1
旺旺:1
旺销:1
威龙:1
微机:1
微贱:1
微生:1
危机:1
围产:1
为生:1
维生:1
委弃:1
委曲:1
伪满:1
未满:1
未愈:1
魏国:1
魏晋:1
卫国:1
卫生:1
卫铁:1
文龙:1
文曲:1
文生:1
稳产:1
稳扎:1
涡:1
涡虫:1
涡河:1
涡桨:1
涡街:1
涡流:1
涡轮:1
涡轮机:1
涡扇:1
涡线:1
涡旋:1
涡阳:1
我国:1
卧龙:1
钨铁:1
乌龙:1
无产:1
无敌龙:1
无氟:1
无机:1
无菌:1
无助:1
吾国:1
吴国:1
武生:1
五代:1
五胡:1
五龙:1
五批:1
舞孃:1
舞龙:1
舞曲:1
戊寅:1
物产:1
误国:1
析产:1
西晋:1
西历:1
西龙:1
西曲:1
晰:1
吸铁:1
席篾:1
铣铁:1
洗耳:1
系列机:1
戏曲:1
细菌:1
霞帔:1
下代:1
下机:1
下贱:1
下生:1
夏锄:1
夏代:1
夏国:1
夏历:1
先代:1
先机:1
先生:1
先销:1
衔铁:1
闲:1
闲笔:1
闲步:1
闲常:1
闲扯:1
闲愁:1
闲荡:1
闲地:1
闲渡:1
闲儿:1
闲饭:1
闲房:1
闲放:1
闲工:1
闲官:1
闲逛:1
闲过:1
闲汉:1
闲话:1
闲混:1
闲经:1
闲静:1
闲居:1
闲空:1
闲来:1
闲聊:1
闲民:1
闲篇:1
闲气:1
闲弃:0
闲钱:1
闲情:1
闲趣:1
闲人:1
闲日:1
闲冗:1
闲散:1
闲时:1
闲事:1
闲适:1
闲书:1
闲谈:1
闲庭:1
闲隙:1
闲暇:1
闲心:1
闲雅:1
闲逸:1
闲游:1
闲员:1
闲云:1
闲杂:1
闲章:1
闲职:1
闲置:1
闲着:1
闲坐:1
嫌弃:1
现代:1
限产:1
相国:1
相机:1
相生:1
相助:1
镶满:1
香菌:1
襄助:1
湘妃:1
乡曲:1
享国:1
象生:1
销:1
销销:1
小产:1
小碟:1
小国:1
小历:1
小龙:1
小男生:1
小曲:1
小生:1
笑柄:1
鞋跟:1
协助:1
邪佞:1
斜曲:1
写生:1
新机:1
新历:1
新龙:1
新曲:1
新生:1
新旺:1
心耳:1
心机:1
心曲:1
心生:1
星历:1
兴国:1
兴旺:1
刑满:1
行:1
行板:1
行帮:1
行包:1
行辈:1
行笔:1
行波:1
行步:1
行部:1
行藏:1
行草:1
行长:1
行车:1
行程:1
行痴:1
行船:1
行刺:1
行当:1
行道:1
行颠:1
行点:1
行东:1
行动:1
行度:1
行贩:1
行房:1
行风:1
行否:1
行宫:1
行管:1
行馆:1
行规:1
行号:1
行洪:1
行话:1
行贿:1
行会:1
行货:1
行迹:1
行纪:1
行家:1
行贾:1
行间:1
行检:1
行健:1
行将:1
行脚:1
行劫:1
行进:1
行经:1
行径:1
行酒:1
行距:1
行军:1
行楷:1
行客:1
行空:1
行库:1
行款:1
行狼:1
行乐:1
行李:1
行礼:1
行列:1
行猎:1
行令:1
行路:1
行旅:1
行略:1
行囊:1
行内:1
行年:1
行骗:1
行频:1
行聘:1
行期:1
行乞:1
行气:1
行前:1
行腔:1
行窃:1
行情:1
行人:1
行色:1
行僧:1
行善:1
行商:1
行赏:1
行社:1
行省:1
行时:1
行使:1
行驶:1
行事:1
行事历:1
行市:1
行书:1
行署:1
行述:1
行树:1
行数:1
行速:1
行唐:1
行天:1
行同:1
行头:1
行为:1
行尾:1
行文:1
行伍:1
行宪:1
行宪国:1
行相:1
行销:0
行销量:1
行销网:1
行孝:1
行星:1
行刑:1
行行:1
行凶:1
行血:1
行业:1
行医:1
行义:1
行谊:1
行吟:1
行营:1
行辕:1
行员:1
行院:1
行约:1
行云:1
行运:1
行灶:1
行诈:1
行栈:1
行杖:1
行照:1
行者:1
行针:1
行政:1
行知:1
行止:1
行至:1
行舟:1
行装:1
行状:1
行踪:1
行走:1
行尊:1
行箧:1
锈菌:1
锈铁:1
须生:1
徐国:1
许国:1
序曲:1
畜产:1
畜生:1
轩机:1
喧:1
旋切机:1
玄机:1
选机:1
选曲:1
学历:1
学满:1
学生:1
血耳:1
寻机:1
殉国:1
压碟:1
压机:1
压塌:1
芽苞:1
雅龙:1
亚历:1
亚龙:1
亚铁:1
烟机:1
盐铁:1
研:1
研钵:1
研查:1
研成:1
研定:1
研订:1
研读:1
研发:1
研究:1
研究生:1
研磨:1
研磨机:1
研拟:1
研判:1
研评:1
研求:1
研碎:1
研讨:1
研析:1
研习:1
研修:1
研修生:1
研制:1
研杵:1
炎龙:1
掩耳:1
眼柄:1
眼生:1
眼睑:1
衍生:1
燕国:1
厌弃:1
扬弃:1
洋铁:1
阳历:1
阳曲:1
痒生:1
养生:1
样机:1
漾:1
摇漾:1
椰胡:1
野生:1
冶铁:1
业生:1
叶柄:1
腋生:1
夜机:1
夜曲:1
一产:1
一代:1
一碟:1
一批:1
一曲:1
一生:1
一竖:1
医生:1
伊龙:1
遗产:1
遗弃:1
仪生:1
倚:1
倚傍:1
倚靠:1
倚赖:1
倚栏:1
倚立:1
倚门:1
倚恃:1
倚天:1
倚望:1
倚音:1
倚仗:1
倚重:1
倚坐:1
倚偎:1
已销:1
乙寅:1
抑菌:1
易生:1
义国:1
义生:1
溢满:1
异柄:1
异国:1
翼助:1
殷代:1
阴历:1
银碟:1
银耳:1
淫贱:1
寅:1
引产:1
印机:1
印历:1
印满:1
英国:1
应销:1
营产:1
营生:1
营销:1
盈满:1
影碟:1
硬碟:1
永历:1
永生:1
幽助:1
优生:1
忧国:1
油机:1
油龙:1
游历:1
有:1
有碍:1
有案:1
有备:1
有笔:1
有边:1
有变:1
有别:1
有产:0
有产者:1
有偿:1
有成:1
有此:1
有错:1
有待:1
有底:1
有点:1
有毒:1
有度:1
有方:1
有份:1
有否:1
有感:1
有功:1
有关:1
有轨:1
有鬼:1
有害:1
有恒:1
有悔:1
有货:1
有机:0
有机肥:1
有机硅:1
有机界:1
有机磷:1
有机氯:1
有机酸:1
有机体:1
有机物:1
有机质:1
有加:1
有假:1
有间:1
有奖:1
有界:1
有劲:1
有救:1
有空:1
有愧:1
有赖:1
有劳:1
有理:1
有利:1
有力:1
有料:1
有码:1
有名:1
有命:1
有篇:1
有票:1
有期:1
有钱:1
有青龙:1
有情:1
有求:1
有趣:1
有权:1
有染:1
有人:1
有如:1
有辱:1
有色:1
有伤:1
有身:1
有神:1
有声:1
有生:0
有失:1
有时:1
有事:1
有售:1
有数:1
有司:1
有素:1
有损:1
有所:1
有铁粉:1
有望:1
有违:1
有味:1
有无:1
有误:1
有喜:1
有隙:1
有戏:1
有暇:1
有闲:1
有限:1
有线:1
有销路:1
有效:1
有些:1
有心:1
有形:1
有幸:1
有性:1
有序:1
有研:1
有氧:1
有样:1
有意:1
有益:1
有益菌:1
有异:1
有用:1
有余:1
有源:1
有缘:1
有孕:1
有责:1
有诈:1
有辙:1
有志:1
有致:1
有治:1
有种:1
有助:0
有助于:1
有着:1
有罪:1
有悖:1
有瘾:1
友机:1
友生:1
右耳:1
佑助:1
迂曲:1
虞国:1
余生:1
鱼产:1
鱼龙:1
鱼鳃:1
鱼生:1
渔产:1
雨中曲:1
玉龙:1
愈:1
誉满:1
预产:1
元代:1
元龙:1
元曲:1
垣曲:1
原产:1
原代:1
原碟:1
原机:1
原曲:1
原生:1
援助:1
园满:1
圆碟:1
圆满:1
远销:1
怨曲:1
越国:1
跃龙:1
粤曲:1
月历:1
悦耳:1
阅历:1
阅批:1
耘锄:1
云龙:1
陨铁:1
运销:1
晕机:1
孕:1
孕产:0
孕产妇:1
孕出:1
孕妇:1
孕母:1
孕期:1
孕前:1
孕情:1
孕穗:1
孕酮:1
孕吐:1
孕畜:1
孕育:1
杂菌:1
载满:1
再生:1
攒机:1
暂代:1
赞助:1
糟塌:1
藻菌:1
早产:1
早生:1
择机:1
泽国:1
怎生:1
增产:1
增生:1
曾中生:1
赠机:1
扎:1
扎龙:1
扎曲:1
扎扎:1
轧机:1
粘菌:1
沾满:1
辗铁:1
展销:1
占满:1
战国:1
战机:1
涨满:1
仗助:1
胀满:1
招:1
招安:1
招办:1
招标:1
招兵:1
招财:1
招出:1
招待:1
招到:1
招弟:1
招儿:1
招法:1
招风:1
招风耳:1
招抚:1
招干:1
招工:1
招供:1
招股:1
招鬼:1
招呼:1
招唤:1
招回:1
招魂:1
招祸:1
招集:1
招嫉:1
招妓:1
招架:1
招降:1
招进:1
招咎:1
招军:1
招考:1
招来:1
招揽:1
招领:1
招录:1
招满:0
招民:1
招募:1
招纳:1
招牌:1
招聘:1
招起:1
招亲:1
招请:1
招惹:1
招人:1
招认:1
招商:1
招生:0
招生办:1
招生数:1
招生网:1
招胜:1
招式:1
招事:1
招收:1
招手:1
招术:1
招数:1
招贴:1
招委:1
招贤:1
招笑:1
招行:1
招婿:1
招眼:1
招摇:1
招议:1
招引:1
招用:1
招远:1
招怨:1
招灾:1
招展:1
招招:1
招致:1
招赘:1
招子:1
招自:1
招租:1
招罪:1
招做:1
招徕:1
赵国:1
照生:1
斟满:1
真菌:1
针鼹:1
震耳:1
振国:1
挣扎:1
争产:1
怔:1
怔怔:1
整机:1
整批:1
正龙:1
正生:1
正旺:1
政柄:1
支助:1
知产:1
知机:1
之国:1
织机:1
直柄:1
直竖:1
直销:1
殖产:1
值机:1
指代:1
置产:1
制铁:1
滞产:1
滞销:1
治产:1
治国:1
治愈:1
中:1
中巴:1
中靶:1
中坝:1
中百:1
中班:1
中板:1
中办:1
中保:1
中饱:1
中报:1
中北:1
中备:1
中比:1
中标:1
中表:1
中波:1
中部:1
中材:1
中彩:1
中菜:1
中餐:1
中藏:1
中策:1
中册:1
中层:1
中产:0
中产者:1
中场:1
中常:1
中长:1
中朝:1
中辰:1
中城:1
中成:1
中程:1
中齿:1
中出:1
中储:1
中川:1
中船:1
中词:1
中村:1
中达:1
中大:1
中代:0
中丹:1
中弹:1
中档:1
中岛:1
中导:1
中稻:1
中道:1
中德:1
中等:1
中等生:1
中低:1
中地:1
中点:1
中电:1
中甸:1
中东:1
中都:1
中毒:1
中度:1
中短:1
中段:1
中断:1
中队:1
中俄:1
中耳:0
中耳炎:1
中二:1
中发:1
中法:1
中饭:1
中方:1
中房:1
中纺:1
中放:1
中菲:1
中非:1
中分:1
中封:1
中峰:1
中锋:1
中风:1
中缝:1
中伏:1
中服:1
中府:1
中副:1
中腹:1
中富:1
中钢:1
中港:1
中高:1
中格:1
中耕:1
中共:1
中古:1
中谷:1
中固:1
中关:1
中观:1
中广:1
中国:0
中国队:1
中国馆:1
中国海:1
中国画:1
中国化:1
中国籍:1
中国驴:1
中国区:1
中国史:1
中国式:1
中国通:1
中国芯:1
中海:1
中韩:1
中航:1
中号:1
中浩:1
中和:1
中河:1
中胡:0
中华:1
中化:1
中环:1
中黄:1
中慧:1
中会:1
中汇:1
中火:1
中极:1
中集:1
中级:1
中技:1
中计:1
中继:1
中加:1
中价:1
中坚:1
中间:1
中键:1
中箭:1
中建:1
中将:1
中江:1
中奖:1
中焦:1
中街:1
中杰:1
中捷:1
中介:1
中金:1
中京:1
中经:1
中景:1
中居:1
中局:1
中举:1
中觉:1
中军:1
中楷:1
中凯:1
中考:1
中科:1
中客:1
中肯:1
中垦:1
中空:1
中裤:1
中矿:1
中魁:1
中坤:1
中栏:1
中郎:1
中乐:1
中冷:1
中立:1
中立国:1
中联:1
中粮:1
中梁:1
中量:1
中林:1
中流:1
中龙:0
中楼:1
中鲁:1
中路:1
中旅:1
中仑:1
中论:1
中落:1
中马:1
中煤:1
中美:1
中门:1
中魔:1
中牟:1
中南:1
中男:1
中脑:1
中能:1
中年:1
中宁:1
中纽:1
中农:1
中欧:1
中排:1
中派:1
中盘:1
中篇:1
中频:1
中平:1
中铺:1
中葡:1
中期:1
中旗:1
中企:1
中气:1
中枪:1
中桥:1
中切:1
中青:1
中情:1
中庆:1
中秋:1
中区:1
中葯:1
中去:1
中圈:1
中泉:1
中拳:1
中人:1
中日:1
中软:1
中阮:1
中三:1
中散:1
中沙:1
中山:1
中伤:1
中商:1
中上:1
中生:0
中生代:1
中省:1
中师:1
中石:1
中时:1
中实:1
中式:1
中士:1
中世:1
中视:1
中试:1
中枢:1
中暑:1
中水:1
中苏:1
中速:1
中所:1
中台:1
中泰:1
中堂:1
中唐:1
中套:1
中体:1
中天:1
中田:1
中条:1
中铁:0
中厅:1
中庭:1
中统:1
中投:1
中头:1
中图:1
中途:1
中土:1
中外:1
中外代:1
中网:1
中桅:1
中委:1
中尾:1
中纬:1
中尉:1
中卫:1
中文:1
中文机:1
中午:1
中物:1
中西:1
中戏:1
中下:1
中夏:1
中仙:1
中县:1
中线:1
中小:1
中校:1
中邪:1
中新:1
中心:1
中信:1
中星:1
中兴:1
中型:1
中型机:1
中行:1
中杏:1
中性:1
中休:1
中叙:1
中选:1
中学:1
中学生:1
中雪:1
中旬:1
中讯:1
中压:1
中亚:1
中研:1
中演:1
中央:1
中阳:1
中药:1
中野:1
中冶:1
中叶:1
中医:1
中易:1
中意:1
中义:1
中音:1
中银:1
中印:1
中英:1
中营:1
中影:1
中庸:1
中用:1
中油:1
中游:1
中友:1
中雨:1
中宇:1
中元:1
中原:1
中远:1
中苑:1
中院:1
中越:1
中岳:1
中云:1
中灶:1
中泽:1
中曾:1
中站:1
中招:1
中正:1
中支:1
中职:1
中直:1
中值:1
中指:1
中止:1
中置:1
中州:1
中洲:1
中轴:1
中柱:1
中专:1
中专生:1
中转:1
中装:1
中缀:1
中资:1
中子:1
中丞:1
中坜:1
中幔:1
中幡:1
中渚:1
中渎:1
中寮:1
中辍:1
中脘:1
衷曲:1
终生:1
重耳:1
重机:1
重生:1
众生:1
舟曲:1
周代:1
帚柄:1
朱批:1
诸国:1
诸生:1
竹篾:1
烛龙:1
主产:1
主承销:1
主机:1
主销:1
助:1
助产:1
助您:1
贮满:1
铸铁:1
住满:1
注满:1
注销:1
祝您:1
驻扎:1
专机:1
专销:1
转柄:1
转产:1
转机:1
转生:1
转销:1
装机:1
装满:1
撞机:1
坠胡:1
坠机:1
捉生:1
资产:1
资历:1
资助:1
滋生:1
仔:1
仔岛:1
仔服:1
仔鸡:1
仔肩:1
仔密:1
仔禽:1
仔细:1
仔畜:1
仔鱼:1
仔猪:1
仔仔:1
子产:1
子代:1
子曲:1
自产:1
自代:1
自贱:1
自满:1
自弃:1
自生:1
自销:1
自愈:1
自助:1
总产:1
总机:1
奏曲:1
祖产:1
祖代:1
祖国:1
组曲:1
钻机:1
最旺:1
尊龙:1
左耳:1
作贱:1
作曲:1
坐满:1
座机:1
匦:1
佞:1
俚曲:1
俟机:1
傩:1
傩神:1
傩戏:1
夔龙:1
羸:1
谛:1
谛视:1
谛听:1
邡:1
坌:1
埴:1
苄:1
苄胺:1
苄基:1
苓耳:1
茭:1
菪:1
萦纡:1
蔸:1
扌:1
摒弃:1
搡:1
咝:1
咝儿:1
咝咝:1
啁:1
嘈:1
嘈嚷:1
嘈杂:1
帔:1
嵝:1
狷:1
猥贱:1
庑:1
庖代:1
恸:1
愣怔:1
阈:1
阈限:1
阈值:1
泮:1
湫:1
潸:1
潸潸:1
宕机:1
逍:1
逍遥:1
弩机:1
妃:1
鎔销:1
嫔妃:1
嫘:1
嫘祖:1
孳生:1
纡:1
缧:1
缧絏:1
缧绁:1
琥:1
杞国:1
栊:1
楮:1
樾:1
晷:1
犏:1
胄:1
煨:1
煲机:1
禅机:1
硇:1
硇砂:1
硇洲:1
睑:1
钚:1
钛铁:1
铤:1
镄:1
镔铁:1
嵇:1
黏满:1
鹦:1
鹦哥:1
鹦鹉:1
裥:1
裨助:1
褶曲:1
聒耳:1
虬龙:1
蛐:1
蛐蛐:1
蛟龙:1
蜷曲:1
蟠龙:1
笮:1
篾:1
粜:1
麸曲:1
酊:1
酰氟:1
酩酊:1
趸批:1
跣:1
跣足:1
斛:1
鲂:1
鳅:1
餍:1
鼹:1
计算机
捕鱼机:1
财产:1
邓广铭:1
镀层:1
镀膜机:1
镀铁:1
镀锡铁:1
镀锌铁:1
反倾销:1
菲国:1
广铁:1
广旺:1
恒产:1
恒曲:1
恒生:1
胡毋生:1
黄碟:1
黄国:1
黄宏生:1
黄康生:1
黄丽满:1
黄历:1
黄龙:1
黄罗销:1
黄明生:1
黄培生:1
黄秋生:1
黄蓉耳:1
黄蓉愈:1
黄文龙:1
黄先生:1
黄香粉:1
黄兴代:1
黄兴国:1
黄秀虹:1
黄秀贞:1
黄亚生:1
黄毅诚:1
黄鱼:1
黄原扎:1
黄振龙:1
黄疸:1
黄疸病:1
黄疸型:1
级计算机:1
计耳:1
计生:1
计算:1
计算尺:1
计算机:0
计算机读:1
计算机房:1
计算机化:1
计算机集:1
计算机课:1
计算机所:1
计算机网:1
计算机系:1
计算机业:1
计算力:1
计算器:1
计算所:1
计算题:1
计算站:1
计销:1
计佑铭:1
加香机:1
节点机:1
金点胡:1
酒曲:1
酒香:1
酒糟:1
酒糟鼻:1
科层制:1
科广布:1
科扎:1
控计算机:1
裸机:1
马蹄铁:1
牌点:1
牌子曲:1
盘点机:1
陪您:1
破产:1
破碎机:1
倾耳:1
倾国:1
倾塌:1
倾销:1
绕线机:1
摄生:1
石广生:1
算机:1
唐安国:1
唐大历:1
唐代:1
唐国:1
唐韩愈:1
唐俊生:1
唐圣历:1
唐文龙:1
唐五代:1
唐寅:1
蹄铁:1
推广:1
推广部:1
推广会:1
推广性:1
推广员:1
推广站:1
推进机:1
推理机:1
推算:1
推算出:1
推土机:1
推销:1
推搡:1
香菌:1
湘计算机:1
移印机:1
移徙:1
优秀生:1
余香满:1
鱼产:1
鱼龙:1
鱼鳃:1
鱼生:1
喻广生:1
云层:1
云从龙:1
云龙:1
云绕龙:1
云香主:1
糟塌:1
张秀寅:1
掌恒山:1
掌渐生:1
掌军国:1
制版机:1
制表机:1
制冰机:1
制袋机:1
制氮机:1
制钉机:1
制冷机:1
制粒机:1
制砂机:1
制铁:1
制丸机:1
制氧机:1
制造机:1
制砖机:1
帚柄:1
自点曲:1
闫京生:1
闫秀珍:1
窦广国:1
线程池开启
UDP服务开启
中国
阿国:1
爱国:1
安国:1
奥国:1
八国:1
巴国:1
邦国:1
保国:1
报国:1
北国:1
本国:1
比国:1
敝国:1
别国:1
丙国:1
波国:1
出国:1
楚国:1
传国:1
篡国:1
大国:1
当国:1
党国:1
岛国:1
德国:1
敌国:1
帝国:1
多国:1
俄国:1
法国:1
藩国:1
番国:1
返国:1
方国:1
菲国:1
分国:1
佛国:1
复国:1
富国:1
该国:1
甘国:1
各国:1
公国:1
古国:1
故国:1
归国:1
贵国:1
国:1
海国:1
韩国:1
何国:1
宏国:1
侯国:1
护国:1
花国:1
华国:1
黄国:1
皇国:1
回国:1
祸国:1
吉国:1
几国:1
纪国:1
加国:1
监国:1
柬国:1
建国:1
金国:1
晋国:1
经国:1
靖国:1
救国:1
旧国:1
举国:1
军国:1
郡国:1
开国:1
康国:1
跨国:1
黎国:1
利国:1
立国:1
梁国:1
两国:1
列国:1
邻国:1
领国:1
六国:1
鲁国:1
乱国:1
马国:1
卖国:1
蛮国:1
美国:1
盟国:1
灭国:1
民国:1
墨国:1
谋国:1
某国:1
母国:1
哪国:1
那国:1
南国:1
尼国:1
宁国:1
纽国:1
叛国:1
贫国:1
葡国:1
七国:1
齐国:1
强国:1
乔国:1
窃国:1
秦国:1
倾国:1
穷国:1
全国:1
辱国:1
弱国:1
三国:1
山国:1
上国:1
十国:1
蜀国:1
属国:1
数国:1
四国:1
随国:1
锁国:1
他国:1
泰国:1
唐国:1
天国:1
通国:1
同国:1
外国:1
万国:1
王国:1
亡国:1
魏国:1
卫国:1
我国:1
吾国:1
吴国:1
误国:1
夏国:1
相国:1
享国:1
小国:1
兴国:1
徐国:1
许国:1
殉国:1
燕国:1
义国:1
异国:1
英国:1
忧国:1
虞国:1
越国:1
泽国:1
战国:1
赵国:1
振国:1
之国:1
治国:1
中:1
中巴:1
中靶:1
中坝:1
中百:1
中班:1
中板:1
中办:1
中保:1
中饱:1
中报:1
中北:1
中备:1
中比:1
中标:1
中表:1
中波:1
中部:1
中材:1
中彩:1
中菜:1
中餐:1
中藏:1
中策:1
中册:1
中层:1
中产:1
中场:1
中常:1
中长:1
中朝:1
中辰:1
中城:1
中成:1
中程:1
中齿:1
中出:1
中储:1
中川:1
中船:1
中词:1
中村:1
中达:1
中大:1
中代:1
中丹:1
中弹:1
中档:1
中岛:1
中导:1
中稻:1
中道:1
中德:1
中等:1
中低:1
中地:1
中点:1
中电:1
中甸:1
中东:1
中都:1
中毒:1
中度:1
中短:1
中段:1
中断:1
中队:1
中俄:1
中耳:1
中二:1
中发:1
中法:1
中饭:1
中方:1
中房:1
中纺:1
中放:1
中菲:1
中非:1
中分:1
中封:1
中峰:1
中锋:1
中风:1
中缝:1
中伏:1
中服:1
中府:1
中副:1
中腹:1
中富:1
中钢:1
中港:1
中高:1
中格:1
中耕:1
中共:1
中古:1
中谷:1
中固:1
中关:1
中观:1
中广:1
中国:0
中国队:1
中国馆:1
中国海:1
中国画:1
中国化:1
中国籍:1
中国驴:1
中国区:1
中国史:1
中国式:1
中国通:1
中国芯:1
中海:1
中韩:1
中航:1
中号:1
中浩:1
中和:1
中河:1
中胡:1
中华:1
中化:1
中环:1
中黄:1
中慧:1
中会:1
中汇:1
中火:1
中极:1
中集:1
中级:1
中技:1
中计:1
中继:1
中加:1
中价:1
中坚:1
中间:1
中键:1
中箭:1
中建:1
中将:1
中江:1
中奖:1
中焦:1
中街:1
中杰:1
中捷:1
中介:1
中金:1
中京:1
中经:1
中景:1
中居:1
中局:1
中举:1
中觉:1
中军:1
中楷:1
中凯:1
中考:1
中科:1
中客:1
中肯:1
中垦:1
中空:1
中裤:1
中矿:1
中魁:1
中坤:1
中栏:1
中郎:1
中乐:1
中冷:1
中立:1
中立国:1
中联:1
中粮:1
中梁:1
中量:1
中林:1
中流:1
中龙:1
中楼:1
中鲁:1
中路:1
中旅:1
中仑:1
中论:1
中落:1
中马:1
中煤:1
中美:1
中门:1
中魔:1
中牟:1
中南:1
中男:1
中脑:1
中能:1
中年:1
中宁:1
中纽:1
中农:1
中欧:1
中排:1
中派:1
中盘:1
中篇:1
中频:1
中平:1
中铺:1
中葡:1
中期:1
中旗:1
中企:1
中气:1
中枪:1
中桥:1
中切:1
中青:1
中情:1
中庆:1
中秋:1
中区:1
中葯:1
中去:1
中圈:1
中泉:1
中拳:1
中人:1
中日:1
中软:1
中阮:1
中三:1
中散:1
中沙:1
中山:1
中伤:1
中商:1
中上:1
中生:1
中省:1
中师:1
中石:1
中时:1
中实:1
中式:1
中士:1
中世:1
中视:1
中试:1
中枢:1
中暑:1
中水:1
中苏:1
中速:1
中所:1
中台:1
中泰:1
中堂:1
中唐:1
中套:1
中体:1
中天:1
中田:1
中条:1
中铁:1
中厅:1
中庭:1
中统:1
中投:1
中头:1
中图:1
中途:1
中土:1
中外:1
中网:1
中桅:1
中委:1
中尾:1
中纬:1
中尉:1
中卫:1
中文:1
中午:1
中物:1
中西:1
中戏:1
中下:1
中夏:1
中仙:1
中县:1
中线:1
中小:1
中校:1
中邪:1
中新:1
中心:1
中信:1
中星:1
中兴:1
中型:1
中行:1
中杏:1
中性:1
中休:1
中叙:1
中选:1
中学:1
中雪:1
中旬:1
中讯:1
中压:1
中亚:1
中研:1
中演:1
中央:1
中阳:1
中药:1
中野:1
中冶:1
中叶:1
中医:1
中易:1
中意:1
中义:1
中音:1
中银:1
中印:1
中英:1
中营:1
中影:1
中庸:1
中用:1
中油:1
中游:1
中友:1
中雨:1
中宇:1
中元:1
中原:1
中远:1
中苑:1
中院:1
中越:1
中岳:1
中云:1
中灶:1
中泽:1
中曾:1
中站:1
中招:1
中正:1
中支:1
中职:1
中直:1
中值:1
中指:1
中止:1
中置:1
中州:1
中洲:1
中轴:1
中柱:1
中专:1
中转:1
中装:1
中缀:1
中资:1
中子:1
中丞:1
中坜:1
中幔:1
中幡:1
中渚:1
中渎:1
中寮:1
中辍:1
中脘:1
诸国:1
祖国:1
杞国:1
计算机
级计算机:1
计算:1
计算尺:1
计算机:0
计算机读:1
计算机房:1
计算机化:1
计算机集:1
计算机课:1
计算机所:1
计算机网:1
计算机系:1
计算机业:1
计算力:1
计算器:1
计算所:1
计算题:1
计算站:1
控计算机:1
算机:1
湘计算机:1
电脑
补脑:1
大脑:1
电:1
电霸:1
电白:1
电板:1
电棒:1
电报:1
电泵:1
电笔:1
电表:1
电波:1
电铲:1
电场:1
电厂:1
电唱:1
电车:1
电池:1
电冲:1
电传:1
电船:1
电锤:1
电磁:1
电瓷:1
电大:1
电刀:1
电导:1
电灯:1
电动:1
电镀:1
电度:1
电费:1
电覆:1
电复:1
电杆:1
电感:1
电镐:1
电稿:1
电告:1
电格:1
电工:1
电挂:1
电灌:1
电光:1
电广:1
电棍:1
电锅:1
电函:1
电焊:1
电耗:1
电荷:1
电贺:1
电壶:1
电弧:1
电花:1
电化:1
电话:1
电汇:1
电击:1
电机:1
电极:1
电价:1
电检:1
电剪:1
电键:1
电建:1
电匠:1
电教:1
电解:1
电精:1
电镜:1
电锯:1
电抗:1
电控:1
电缆:1
电离:1
电力:1
电联:1
电量:1
电疗:1
电料:1
电铃:1
电令:1
电流:1
电炉:1
电路:1
电驴:1
电骡:1
电码:1
电门:1
电磨:1
电母:1
电木:1
电纳:1
电脑:0
电脑班:1
电脑板:1
电脑包:1
电脑报:1
电脑病:1
电脑部:1
电脑厂:1
电脑城:1
电脑袋:1
电脑灯:1
电脑店:1
电脑房:1
电脑化:1
电脑街:1
电脑课:1
电脑锣:1
电脑迷:1
电脑前:1
电脑商:1
电脑室:1
电脑书:1
电脑台:1
电脑网:1
电脑线:1
电脑业:1
电脑桌:1
电能:1
电钮:1
电暖:1
电喷:1
电平:1
电瓶:1
电器:1
电气:1
电洽:1
电枪:1
电桥:1
电热:1
电熔:1
电容:1
电软:1
电闪:1
电扇:1
电商:1
电渗:1
电声:1
电石:1
电势:1
电视:1
电枢:1
电刷:1
电算:1
电台:1
电毯:1
电烫:1
电梯:1
电通:1
电童:1
电筒:1
电图:1
电玩:1
电网:1
电位:1
电慰:1
电文:1
电务:1
电显:1
电线:1
电谢:1
电新:1
电信:1
电刑:1
电性:1
电学:1
电讯:1
电压:1
电眼:1
电唁:1
电邀:1
电冶:1
电业:1
电液:1
电仪:1
电椅:1
电印:1
电影:1
电泳:1
电邮:1
电鱼:1
电源:1
电晕:1
电宰:1
电灶:1
电闸:1
电站:1
电针:1
电钟:1
电轴:1
电珠:1
电铸:1
电祝:1
电子:1
电阻:1
电钻:1
电銲:1
电鳗:1
动脑:1
光脑:1
猴脑:1
后脑:1
间脑:1
健脑:1
旧电脑:1
流脑:1
龙脑:1
颅脑:1
闷脑:1
目脑:1
脑:1
前脑:1
乔脑:1
丘脑:1
人脑:1
首脑:1
头脑:1
外脑:1
玩电脑:1
微电脑:1
无脑:1
洗脑:1
小脑:1
心脑:1
型电脑:1
醒脑:1
延脑:1
乙脑:1
用脑:1
右脑:1
樟脑:1
中脑:1
猪脑:1
主脑:1
U盘
暗盘:1
八盘:1
半盘:1
报盘:1
杯盘:1
崩盘:1
表盘:1
彩盘:1
餐盘:1
操盘:1
茶盘:1
唱盘:1
车盘:1
秤盘:1
出盘:1
磁盘:1
瓷盘:1
存盘:1
大盘:1
导盘:1
底盘:1
地盘:1
垫盘:1
吊盘:1
读盘:1
度盘:1
舵盘:1
翻盘:1
放盘:1
飞盘:1
封盘:1
复盘:1
骨盘:1
挂盘:1
光盘:1
果盘:1
黑盘:1
横盘:1
红盘:1
护盘:1
花盘:1
货盘:1
几盘:1
夹盘:1
键盘:1
奖盘:1
礁盘:1
绞盘:1
接盘:1
卡盘:1
开盘:1
拷盘:1
刻盘:1
空盘:1
控盘:1
蜡盘:1
冷盘:1
脸盘:1
两盘:1
六盘:1
楼盘:1
炉盘:1
轮盘:1
罗盘:1
买盘:1
卖盘:1
满盘:1
明盘:1
名盘:1
磨盘:1
魔盘:1
母盘:1
木盘:1
碾盘:1
涅盘:1
盘:1
抛盘:1
胚盘:1
片盘:1
拼盘:1
平盘:1
七盘:1
棋盘:1
浅盘:1
清盘:1
全盘:1
软盘:1
三盘:1
砂盘:1
沙盘:1
闪盘:1
上盘:1
石盘:1
视盘:1
收盘:1
首盘:1
双盘:1
四盘:1
算盘:1
胎盘:1
汤盘:1
铁盘:1
通盘:1
铜盘:1
托盘:1
碗盘:1
万盘:1
围盘:1
尾盘:1
五盘:1
吸盘:1
洗盘:1
下盘:1
小盘:1
写盘:1
星盘:1
序盘:1
洋盘:1
一盘:1
银盘:1
营盘:1
硬盘:1
优盘:1
邮盘:1
油盘:1
玉盘:1
原盘:1
圆盘:1
云盘:1
针盘:1
整盘:1
指盘:1
纸盘:1
中盘:1
终盘:1
主盘:1
转盘:1
装盘:1
字盘:1
硬盘
暗盘:1
八盘:1
半盘:1
报盘:1
杯盘:1
崩盘:1
表盘:1
彩盘:1
餐盘:1
操盘:1
茶盘:1
唱盘:1
车盘:1
秤盘:1
出盘:1
磁盘:1
瓷盘:1
存盘:1
大盘:1
大硬盘:1
导盘:1
底盘:1
地盘:1
垫盘:1
吊盘:1
读盘:1
度盘:1
舵盘:1
翻盘:1
放盘:1
飞盘:1
封盘:1
复盘:1
骨盘:1
挂盘:1
光盘:1
果盘:1
黑盘:1
横盘:1
红盘:1
护盘:1
花盘:1
货盘:1
几盘:1
夹盘:1
键盘:1
奖盘:1
礁盘:1
绞盘:1
接盘:1
卡盘:1
开盘:1
拷盘:1
刻盘:1
空盘:1
控盘:1
蜡盘:1
冷盘:1
脸盘:1
两盘:1
六盘:1
楼盘:1
炉盘:1
轮盘:1
罗盘:1
买盘:1
卖盘:1
满盘:1
明盘:1
名盘:1
磨盘:1
魔盘:1
母盘:1
木盘:1
碾盘:1
涅盘:1
盘:1
抛盘:1
胚盘:1
片盘:1
拼盘:1
平盘:1
七盘:1
棋盘:1
浅盘:1
清盘:1
全盘:1
软盘:1
三盘:1
砂盘:1
沙盘:1
闪盘:1
上盘:1
石盘:1
视盘:1
收盘:1
首盘:1
双盘:1
双硬盘:1
四盘:1
算盘:1
胎盘:1
汤盘:1
铁盘:1
通盘:1
铜盘:1
托盘:1
碗盘:1
万盘:1
微硬盘:1
围盘:1
尾盘:1
五盘:1
吸盘:1
洗盘:1
下盘:1
小盘:1
写盘:1
星盘:1
序盘:1
洋盘:1
一盘:1
银盘:1
营盘:1
硬:1
硬挨:1
硬板:1
硬棒:1
硬逼:1
硬笔:1
硬币:1
硬变:1
硬衬:1
硬撑:1
硬充:1
硬冲:1
硬闯:1
硬磁盘:1
硬搭:1
硬打:1
硬地:1
硬碟:1
硬顶:1
硬度:1
硬干:1
硬膏:1
硬功:1
硬弓:1
硬骨:1
硬汉:1
硬核:1
硬化:1
硬货:1
硬茧:1
硬件:1
硬接:1
硬节:1
硬结:1
硬卡:1
硬抗:1
硬壳:1
硬抠:1
硬块:1
硬朗:1
硬铝:1
硬煤:1
硬面:1
硬模:1
硬木:1
硬派:1
硬盘:0
硬盘版:1
硬盘盒:1
硬盘机:1
硬盘式:1
硬皮:1
硬拼:1
硬气:1
硬抢:1
硬驱:1
硬取:1
硬山:1
硬伤:1
硬伸:1
硬实:1
硬式:1
硬是:1
硬手:1
硬水:1
硬糖:1
硬套:1
硬体:1
硬挺:1
硬推:1
硬拖:1
硬卧:1
硬物:1
硬席:1
硬性:1
硬硬:1
硬羽:1
硬玉:1
硬战:1
硬仗:1
硬挣:1
硬脂:1
硬纸:1
硬质:1
硬座:1
硬腭:1
优盘:1
邮盘:1
油盘:1
玉盘:1
原盘:1
圆盘:1
云盘:1
针盘:1
整盘:1
指盘:1
纸盘:1
中盘:1
终盘:1
主盘:1
转盘:1
装盘:1
字盘:1
线程池开启
UDP服务开启
abc
ab:1
abc:0
abe:1
ac:1
arc:1
bc:1
你好abc
